[debug] [2026-01-08T02:14:31.807Z] ----------------------------------------------------------------------
[debug] [2026-01-08T02:14:31.814Z] Command:       /data/data/com.termux/files/usr/bin/node /data/data/com.termux/files/usr/bin/firebase init hosting
[debug] [2026-01-08T02:14:31.815Z] CLI Version:   15.2.0
[debug] [2026-01-08T02:14:31.815Z] Platform:      android
[debug] [2026-01-08T02:14:31.815Z] Node Version:  v25.2.1
[debug] [2026-01-08T02:14:31.816Z] Time:          Thu Jan 08 2026 07:44:31 GMT+0530 (India Standard Time)
[debug] [2026-01-08T02:14:31.816Z] ----------------------------------------------------------------------
[debug] 
[info] 
     ######## #### ########  ######## ########     ###     ######  ########
     ##        ##  ##     ## ##       ##     ##  ##   ##  ##       ##
     ######    ##  ########  ######   ########  #########  ######  ######
     ##        ##  ##    ##  ##       ##     ## ##     ##       ## ##
     ##       #### ##     ## ######## ########  ##     ##  ######  ########

You're about to initialize a Firebase project in this directory:

  /storage/emulated/0/Ultimate tool

Before we get started, keep in mind:

  * You are currently outside your home directory
  * You are initializing within an existing Firebase project directory

[info] 
=== Project Setup
[info] 
[info] First, let's associate this project directory with a Firebase project.
[info] You can create multiple project aliases by running firebase use --add, 
[info] 
[debug] [2026-01-08T02:14:34.242Z] > command requires scopes: ["email","openid","https://www.googleapis.com/auth/cloudplatformprojects.readonly","https://www.googleapis.com/auth/firebase","https://www.googleapis.com/auth/cloud-platform"]
[debug] [2026-01-08T02:14:34.243Z] > authorizing via signed-in user (yadavamarish11@gmail.com)
[debug] [2026-01-08T02:14:34.246Z] Checked if tokens are valid: true, expires at: 1767840503752
[debug] [2026-01-08T02:14:34.247Z] Checked if tokens are valid: true, expires at: 1767840503752
[debug] [2026-01-08T02:14:34.251Z] >>> [apiv2][query] GET https://firebase.googleapis.com/v1beta1/projects/compressdocument [none]
[debug] [2026-01-08T02:14:35.172Z] <<< [apiv2][status] GET https://firebase.googleapis.com/v1beta1/projects/compressdocument 200
[debug] [2026-01-08T02:14:35.173Z] <<< [apiv2][body] GET https://firebase.googleapis.com/v1beta1/projects/compressdocument {"projectId":"compressdocument","projectNumber":"928654143586","displayName":"compressdocument","name":"projects/compressdocument","resources":{"hostingSite":"compressdocument"},"state":"ACTIVE","etag":"1_468c2e79-ffcf-4592-aaa6-b176c803719f"}
[info] i  Using project compressdocument (compressdocument) . 
[info] 
=== Hosting Setup
[debug] [2026-01-08T02:14:35.188Z] Checked if tokens are valid: true, expires at: 1767840503752
[debug] [2026-01-08T02:14:35.189Z] Checked if tokens are valid: true, expires at: 1767840503752
[debug] [2026-01-08T02:14:35.189Z] >>> [apiv2][query] GET https://firebase.googleapis.com/v1beta1/projects/compressdocument [none]
[debug] [2026-01-08T02:14:35.869Z] <<< [apiv2][status] GET https://firebase.googleapis.com/v1beta1/projects/compressdocument 200
[debug] [2026-01-08T02:14:35.870Z] <<< [apiv2][body] GET https://firebase.googleapis.com/v1beta1/projects/compressdocument {"projectId":"compressdocument","projectNumber":"928654143586","displayName":"compressdocument","name":"projects/compressdocument","resources":{"hostingSite":"compressdocument"},"state":"ACTIVE","etag":"1_468c2e79-ffcf-4592-aaa6-b176c803719f"}
[info] 
[info] Your public directory is the folder (relative to your project directory) that
[info] will contain Hosting assets to be uploaded with firebase deploy. If you
[info] have a build process for your assets, use your build's output directory.
[info] 
[info] ✔  Wrote public/404.html 
[debug] [2026-01-08T02:15:45.366Z] >>> [apiv2][query] GET https://www.gstatic.com/firebasejs/releases.json [none]
[debug] [2026-01-08T02:15:45.743Z] <<< [apiv2][status] GET https://www.gstatic.com/firebasejs/releases.json 200
[debug] [2026-01-08T02:15:45.744Z] <<< [apiv2][body] GET https://www.gstatic.com/firebasejs/releases.json {"current":{"version":"12.7.0","browserURL":"https://www.gstatic.com/firebasejs/12.7.0/firebase.js","packageURL":"https://www.gstatic.com/firebasejs/12.7.0/firebase.tgz"},"live":{"version":"12.7","browserURL":"https://www.gstatic.com/firebasejs/live/12.7/firebase.js","packageURL":"https://www.gstatic.com/firebasejs/live/12.7/firebase.tgz"},"components":{"ai":"https://www.gstatic.com/firebasejs/12.7.0/firebase-ai.js","analytics":"https://www.gstatic.com/firebasejs/12.7.0/firebase-analytics.js","app":"https://www.gstatic.com/firebasejs/12.7.0/firebase-app.js","app-check":"https://www.gstatic.com/firebasejs/12.7.0/firebase-app-check.js","auth":"https://www.gstatic.com/firebasejs/12.7.0/firebase-auth.js","auth/cordova":"https://www.gstatic.com/firebasejs/12.7.0/firebase-auth/cordova.js","auth/web-extension":"https://www.gstatic.com/firebasejs/12.7.0/firebase-auth/web-extension.js","functions":"https://www.gstatic.com/firebasejs/12.7.0/firebase-functions.js","firestore":"https://www.gstatic.com/firebasejs/12.7.0/firebase-firestore.js","firestore/lite":"https://www.gstatic.com/firebasejs/12.7.0/firebase-firestore/lite.js","installations":"https://www.gstatic.com/firebasejs/12.7.0/firebase-installations.js","storage":"https://www.gstatic.com/firebasejs/12.7.0/firebase-storage.js","performance":"https://www.gstatic.com/firebasejs/12.7.0/firebase-performance.js","remote-config":"https://www.gstatic.com/firebasejs/12.7.0/firebase-remote-config.js","messaging":"https://www.gstatic.com/firebasejs/12.7.0/firebase-messaging.js","messaging/sw":"https://www.gstatic.com/firebasejs/12.7.0/firebase-messaging/sw.js","database":"https://www.gstatic.com/firebasejs/12.7.0/firebase-database.js","data-connect":"https://www.gstatic.com/firebasejs/12.7.0/firebase-data-connect.js","firestore.memory":"https://www.gstatic.com/firebasejs/12.7.0/firebase-firestore.memory.js"}}
[info] i  Skipping write of public/index.html 
[info] 
[info] ✔  Wrote configuration info to firebase.json 
[info] ✔  Wrote project information to .firebaserc 
[info] 
[info] ✔  Firebase initialization complete! 
